19.01.2017 19:09:04: System.NullReferenceException: Object reference not set to an instance of an object.
   at GoldTree.HabboHotel.Users.Inventory.InventoryComponent..ctor(UInt32 userId, GameClient client, UserDataFactory userdata) in C:\Users\root\Desktop\Desktop\Development\Hobba\Development\Emu\Unicorn Emulator\Unicorn Emulator\HabboHotel\Users\Inventory\InventoryComponent.cs:line 79
   at GoldTree.HabboHotel.Users.Habbo..ctor(UInt32 UserId, String Username, String Name, String SSO, UInt32 Rank, String Motto, String Look, String Gender, Int32 Credits, Int32 Pixels, Double Activity_Points_LastUpdate, String DataCadastro, Boolean Muted, UInt32 HomeRoom, Int32 NewbieStatus, Boolean BlockNewFriends, Boolean HideInRoom, Boolean HideOnline, Boolean Vip, Int32 Volume, Int32 Points, Boolean AcceptTrading, String LastIp, GameClient Session, UserDataFactory userDataFactory, String last_online, Int32 daily_respect_points, Int32 daily_pet_respect_points, Double vipha_last, Double viphal_last, Boolean FriendStream, Boolean Raumalert, Boolean WerberCmd, String working, String ChangeNameTime, Boolean ChangeName) in C:\Users\root\Desktop\Desktop\Development\Hobba\Development\Emu\Unicorn Emulator\Unicorn Emulator\HabboHotel\Users\Habbo.cs:line 518
   at GoldTree.HabboHotel.Users.Authenticator.Authenticator.CreateHabbo(DataRow habboData, String ssoTicket, GameClient session, UserDataFactory otherData) in C:\Users\root\Desktop\Desktop\Development\Hobba\Development\Emu\Unicorn Emulator\Unicorn Emulator\HabboHotel\Users\Authenticator\Authenticator.cs:line 34
   at GoldTree.HabboHotel.Users.Authenticator.Authenticator.CreateHabbo(String ssoTicket, GameClient Session, UserDataFactory userData, UserDataFactory otherData) in C:\Users\root\Desktop\Desktop\Development\Hobba\Development\Emu\Unicorn Emulator\Unicorn Emulator\HabboHotel\Users\Authenticator\Authenticator.cs:line 12
   at GoldTree.HabboHotel.GameClients.GameClient.method_6(String string_0) in C:\Users\root\Desktop\Desktop\Development\Hobba\Development\Emu\Unicorn Emulator\Unicorn Emulator\HabboHotel\GameClients\GameClient.cs:line 156

19.01.2017 19:09:10: System.NullReferenceException: Object reference not set to an instance of an object.
   at GoldTree.HabboHotel.Users.Inventory.InventoryComponent..ctor(UInt32 userId, GameClient client, UserDataFactory userdata) in C:\Users\root\Desktop\Desktop\Development\Hobba\Development\Emu\Unicorn Emulator\Unicorn Emulator\HabboHotel\Users\Inventory\InventoryComponent.cs:line 79
   at GoldTree.HabboHotel.Users.Habbo..ctor(UInt32 UserId, String Username, String Name, String SSO, UInt32 Rank, String Motto, String Look, String Gender, Int32 Credits, Int32 Pixels, Double Activity_Points_LastUpdate, String DataCadastro, Boolean Muted, UInt32 HomeRoom, Int32 NewbieStatus, Boolean BlockNewFriends, Boolean HideInRoom, Boolean HideOnline, Boolean Vip, Int32 Volume, Int32 Points, Boolean AcceptTrading, String LastIp, GameClient Session, UserDataFactory userDataFactory, String last_online, Int32 daily_respect_points, Int32 daily_pet_respect_points, Double vipha_last, Double viphal_last, Boolean FriendStream, Boolean Raumalert, Boolean WerberCmd, String working, String ChangeNameTime, Boolean ChangeName) in C:\Users\root\Desktop\Desktop\Development\Hobba\Development\Emu\Unicorn Emulator\Unicorn Emulator\HabboHotel\Users\Habbo.cs:line 518
   at GoldTree.HabboHotel.Users.Authenticator.Authenticator.CreateHabbo(DataRow habboData, String ssoTicket, GameClient session, UserDataFactory otherData) in C:\Users\root\Desktop\Desktop\Development\Hobba\Development\Emu\Unicorn Emulator\Unicorn Emulator\HabboHotel\Users\Authenticator\Authenticator.cs:line 34
   at GoldTree.HabboHotel.Users.Authenticator.Authenticator.CreateHabbo(String ssoTicket, GameClient Session, UserDataFactory userData, UserDataFactory otherData) in C:\Users\root\Desktop\Desktop\Development\Hobba\Development\Emu\Unicorn Emulator\Unicorn Emulator\HabboHotel\Users\Authenticator\Authenticator.cs:line 12
   at GoldTree.HabboHotel.GameClients.GameClient.method_6(String string_0) in C:\Users\root\Desktop\Desktop\Development\Hobba\Development\Emu\Unicorn Emulator\Unicorn Emulator\HabboHotel\GameClients\GameClient.cs:line 156

19.01.2017 19:09:20: System.NullReferenceException: Object reference not set to an instance of an object.
   at GoldTree.HabboHotel.Users.Inventory.InventoryComponent..ctor(UInt32 userId, GameClient client, UserDataFactory userdata) in C:\Users\root\Desktop\Desktop\Development\Hobba\Development\Emu\Unicorn Emulator\Unicorn Emulator\HabboHotel\Users\Inventory\InventoryComponent.cs:line 79
   at GoldTree.HabboHotel.Users.Habbo..ctor(UInt32 UserId, String Username, String Name, String SSO, UInt32 Rank, String Motto, String Look, String Gender, Int32 Credits, Int32 Pixels, Double Activity_Points_LastUpdate, String DataCadastro, Boolean Muted, UInt32 HomeRoom, Int32 NewbieStatus, Boolean BlockNewFriends, Boolean HideInRoom, Boolean HideOnline, Boolean Vip, Int32 Volume, Int32 Points, Boolean AcceptTrading, String LastIp, GameClient Session, UserDataFactory userDataFactory, String last_online, Int32 daily_respect_points, Int32 daily_pet_respect_points, Double vipha_last, Double viphal_last, Boolean FriendStream, Boolean Raumalert, Boolean WerberCmd, String working, String ChangeNameTime, Boolean ChangeName) in C:\Users\root\Desktop\Desktop\Development\Hobba\Development\Emu\Unicorn Emulator\Unicorn Emulator\HabboHotel\Users\Habbo.cs:line 518
   at GoldTree.HabboHotel.Users.Authenticator.Authenticator.CreateHabbo(DataRow habboData, String ssoTicket, GameClient session, UserDataFactory otherData) in C:\Users\root\Desktop\Desktop\Development\Hobba\Development\Emu\Unicorn Emulator\Unicorn Emulator\HabboHotel\Users\Authenticator\Authenticator.cs:line 34
   at GoldTree.HabboHotel.Users.Authenticator.Authenticator.CreateHabbo(String ssoTicket, GameClient Session, UserDataFactory userData, UserDataFactory otherData) in C:\Users\root\Desktop\Desktop\Development\Hobba\Development\Emu\Unicorn Emulator\Unicorn Emulator\HabboHotel\Users\Authenticator\Authenticator.cs:line 12
   at GoldTree.HabboHotel.GameClients.GameClient.method_6(String string_0) in C:\Users\root\Desktop\Desktop\Development\Hobba\Development\Emu\Unicorn Emulator\Unicorn Emulator\HabboHotel\GameClients\GameClient.cs:line 156

19.01.2017 19:11:20: System.NullReferenceException: Object reference not set to an instance of an object.
   at GoldTree.HabboHotel.Users.Inventory.InventoryComponent..ctor(UInt32 userId, GameClient client, UserDataFactory userdata) in C:\Users\root\Desktop\Desktop\Development\Hobba\Development\Emu\Unicorn Emulator\Unicorn Emulator\HabboHotel\Users\Inventory\InventoryComponent.cs:line 79
   at GoldTree.HabboHotel.Users.Habbo..ctor(UInt32 UserId, String Username, String Name, String SSO, UInt32 Rank, String Motto, String Look, String Gender, Int32 Credits, Int32 Pixels, Double Activity_Points_LastUpdate, String DataCadastro, Boolean Muted, UInt32 HomeRoom, Int32 NewbieStatus, Boolean BlockNewFriends, Boolean HideInRoom, Boolean HideOnline, Boolean Vip, Int32 Volume, Int32 Points, Boolean AcceptTrading, String LastIp, GameClient Session, UserDataFactory userDataFactory, String last_online, Int32 daily_respect_points, Int32 daily_pet_respect_points, Double vipha_last, Double viphal_last, Boolean FriendStream, Boolean Raumalert, Boolean WerberCmd, String working, String ChangeNameTime, Boolean ChangeName) in C:\Users\root\Desktop\Desktop\Development\Hobba\Development\Emu\Unicorn Emulator\Unicorn Emulator\HabboHotel\Users\Habbo.cs:line 518
   at GoldTree.HabboHotel.Users.Authenticator.Authenticator.CreateHabbo(DataRow habboData, String ssoTicket, GameClient session, UserDataFactory otherData) in C:\Users\root\Desktop\Desktop\Development\Hobba\Development\Emu\Unicorn Emulator\Unicorn Emulator\HabboHotel\Users\Authenticator\Authenticator.cs:line 34
   at GoldTree.HabboHotel.Users.Authenticator.Authenticator.CreateHabbo(String ssoTicket, GameClient Session, UserDataFactory userData, UserDataFactory otherData) in C:\Users\root\Desktop\Desktop\Development\Hobba\Development\Emu\Unicorn Emulator\Unicorn Emulator\HabboHotel\Users\Authenticator\Authenticator.cs:line 12
   at GoldTree.HabboHotel.GameClients.GameClient.method_6(String string_0) in C:\Users\root\Desktop\Desktop\Development\Hobba\Development\Emu\Unicorn Emulator\Unicorn Emulator\HabboHotel\GameClients\GameClient.cs:line 156

19.01.2017 19:11:31: System.NullReferenceException: Object reference not set to an instance of an object.
   at GoldTree.HabboHotel.Users.Inventory.InventoryComponent..ctor(UInt32 userId, GameClient client, UserDataFactory userdata) in C:\Users\root\Desktop\Desktop\Development\Hobba\Development\Emu\Unicorn Emulator\Unicorn Emulator\HabboHotel\Users\Inventory\InventoryComponent.cs:line 79
   at GoldTree.HabboHotel.Users.Habbo..ctor(UInt32 UserId, String Username, String Name, String SSO, UInt32 Rank, String Motto, String Look, String Gender, Int32 Credits, Int32 Pixels, Double Activity_Points_LastUpdate, String DataCadastro, Boolean Muted, UInt32 HomeRoom, Int32 NewbieStatus, Boolean BlockNewFriends, Boolean HideInRoom, Boolean HideOnline, Boolean Vip, Int32 Volume, Int32 Points, Boolean AcceptTrading, String LastIp, GameClient Session, UserDataFactory userDataFactory, String last_online, Int32 daily_respect_points, Int32 daily_pet_respect_points, Double vipha_last, Double viphal_last, Boolean FriendStream, Boolean Raumalert, Boolean WerberCmd, String working, String ChangeNameTime, Boolean ChangeName) in C:\Users\root\Desktop\Desktop\Development\Hobba\Development\Emu\Unicorn Emulator\Unicorn Emulator\HabboHotel\Users\Habbo.cs:line 518
   at GoldTree.HabboHotel.Users.Authenticator.Authenticator.CreateHabbo(DataRow habboData, String ssoTicket, GameClient session, UserDataFactory otherData) in C:\Users\root\Desktop\Desktop\Development\Hobba\Development\Emu\Unicorn Emulator\Unicorn Emulator\HabboHotel\Users\Authenticator\Authenticator.cs:line 34
   at GoldTree.HabboHotel.Users.Authenticator.Authenticator.CreateHabbo(String ssoTicket, GameClient Session, UserDataFactory userData, UserDataFactory otherData) in C:\Users\root\Desktop\Desktop\Development\Hobba\Development\Emu\Unicorn Emulator\Unicorn Emulator\HabboHotel\Users\Authenticator\Authenticator.cs:line 12
   at GoldTree.HabboHotel.GameClients.GameClient.method_6(String string_0) in C:\Users\root\Desktop\Desktop\Development\Hobba\Development\Emu\Unicorn Emulator\Unicorn Emulator\HabboHotel\GameClients\GameClient.cs:line 156

19.01.2017 19:11:41: System.NullReferenceException: Object reference not set to an instance of an object.
   at GoldTree.HabboHotel.Users.Inventory.InventoryComponent..ctor(UInt32 userId, GameClient client, UserDataFactory userdata) in C:\Users\root\Desktop\Desktop\Development\Hobba\Development\Emu\Unicorn Emulator\Unicorn Emulator\HabboHotel\Users\Inventory\InventoryComponent.cs:line 79
   at GoldTree.HabboHotel.Users.Habbo..ctor(UInt32 UserId, String Username, String Name, String SSO, UInt32 Rank, String Motto, String Look, String Gender, Int32 Credits, Int32 Pixels, Double Activity_Points_LastUpdate, String DataCadastro, Boolean Muted, UInt32 HomeRoom, Int32 NewbieStatus, Boolean BlockNewFriends, Boolean HideInRoom, Boolean HideOnline, Boolean Vip, Int32 Volume, Int32 Points, Boolean AcceptTrading, String LastIp, GameClient Session, UserDataFactory userDataFactory, String last_online, Int32 daily_respect_points, Int32 daily_pet_respect_points, Double vipha_last, Double viphal_last, Boolean FriendStream, Boolean Raumalert, Boolean WerberCmd, String working, String ChangeNameTime, Boolean ChangeName) in C:\Users\root\Desktop\Desktop\Development\Hobba\Development\Emu\Unicorn Emulator\Unicorn Emulator\HabboHotel\Users\Habbo.cs:line 518
   at GoldTree.HabboHotel.Users.Authenticator.Authenticator.CreateHabbo(DataRow habboData, String ssoTicket, GameClient session, UserDataFactory otherData) in C:\Users\root\Desktop\Desktop\Development\Hobba\Development\Emu\Unicorn Emulator\Unicorn Emulator\HabboHotel\Users\Authenticator\Authenticator.cs:line 34
   at GoldTree.HabboHotel.Users.Authenticator.Authenticator.CreateHabbo(String ssoTicket, GameClient Session, UserDataFactory userData, UserDataFactory otherData) in C:\Users\root\Desktop\Desktop\Development\Hobba\Development\Emu\Unicorn Emulator\Unicorn Emulator\HabboHotel\Users\Authenticator\Authenticator.cs:line 12
   at GoldTree.HabboHotel.GameClients.GameClient.method_6(String string_0) in C:\Users\root\Desktop\Desktop\Development\Hobba\Development\Emu\Unicorn Emulator\Unicorn Emulator\HabboHotel\GameClients\GameClient.cs:line 156

19.01.2017 19:11:51: System.NullReferenceException: Object reference not set to an instance of an object.
   at GoldTree.HabboHotel.Users.Inventory.InventoryComponent..ctor(UInt32 userId, GameClient client, UserDataFactory userdata) in C:\Users\root\Desktop\Desktop\Development\Hobba\Development\Emu\Unicorn Emulator\Unicorn Emulator\HabboHotel\Users\Inventory\InventoryComponent.cs:line 79
   at GoldTree.HabboHotel.Users.Habbo..ctor(UInt32 UserId, String Username, String Name, String SSO, UInt32 Rank, String Motto, String Look, String Gender, Int32 Credits, Int32 Pixels, Double Activity_Points_LastUpdate, String DataCadastro, Boolean Muted, UInt32 HomeRoom, Int32 NewbieStatus, Boolean BlockNewFriends, Boolean HideInRoom, Boolean HideOnline, Boolean Vip, Int32 Volume, Int32 Points, Boolean AcceptTrading, String LastIp, GameClient Session, UserDataFactory userDataFactory, String last_online, Int32 daily_respect_points, Int32 daily_pet_respect_points, Double vipha_last, Double viphal_last, Boolean FriendStream, Boolean Raumalert, Boolean WerberCmd, String working, String ChangeNameTime, Boolean ChangeName) in C:\Users\root\Desktop\Desktop\Development\Hobba\Development\Emu\Unicorn Emulator\Unicorn Emulator\HabboHotel\Users\Habbo.cs:line 518
   at GoldTree.HabboHotel.Users.Authenticator.Authenticator.CreateHabbo(DataRow habboData, String ssoTicket, GameClient session, UserDataFactory otherData) in C:\Users\root\Desktop\Desktop\Development\Hobba\Development\Emu\Unicorn Emulator\Unicorn Emulator\HabboHotel\Users\Authenticator\Authenticator.cs:line 34
   at GoldTree.HabboHotel.Users.Authenticator.Authenticator.CreateHabbo(String ssoTicket, GameClient Session, UserDataFactory userData, UserDataFactory otherData) in C:\Users\root\Desktop\Desktop\Development\Hobba\Development\Emu\Unicorn Emulator\Unicorn Emulator\HabboHotel\Users\Authenticator\Authenticator.cs:line 12
   at GoldTree.HabboHotel.GameClients.GameClient.method_6(String string_0) in C:\Users\root\Desktop\Desktop\Development\Hobba\Development\Emu\Unicorn Emulator\Unicorn Emulator\HabboHotel\GameClients\GameClient.cs:line 156

19.01.2017 19:12:01: System.NullReferenceException: Object reference not set to an instance of an object.
   at GoldTree.HabboHotel.Users.Inventory.InventoryComponent..ctor(UInt32 userId, GameClient client, UserDataFactory userdata) in C:\Users\root\Desktop\Desktop\Development\Hobba\Development\Emu\Unicorn Emulator\Unicorn Emulator\HabboHotel\Users\Inventory\InventoryComponent.cs:line 79
   at GoldTree.HabboHotel.Users.Habbo..ctor(UInt32 UserId, String Username, String Name, String SSO, UInt32 Rank, String Motto, String Look, String Gender, Int32 Credits, Int32 Pixels, Double Activity_Points_LastUpdate, String DataCadastro, Boolean Muted, UInt32 HomeRoom, Int32 NewbieStatus, Boolean BlockNewFriends, Boolean HideInRoom, Boolean HideOnline, Boolean Vip, Int32 Volume, Int32 Points, Boolean AcceptTrading, String LastIp, GameClient Session, UserDataFactory userDataFactory, String last_online, Int32 daily_respect_points, Int32 daily_pet_respect_points, Double vipha_last, Double viphal_last, Boolean FriendStream, Boolean Raumalert, Boolean WerberCmd, String working, String ChangeNameTime, Boolean ChangeName) in C:\Users\root\Desktop\Desktop\Development\Hobba\Development\Emu\Unicorn Emulator\Unicorn Emulator\HabboHotel\Users\Habbo.cs:line 518
   at GoldTree.HabboHotel.Users.Authenticator.Authenticator.CreateHabbo(DataRow habboData, String ssoTicket, GameClient session, UserDataFactory otherData) in C:\Users\root\Desktop\Desktop\Development\Hobba\Development\Emu\Unicorn Emulator\Unicorn Emulator\HabboHotel\Users\Authenticator\Authenticator.cs:line 34
   at GoldTree.HabboHotel.Users.Authenticator.Authenticator.CreateHabbo(String ssoTicket, GameClient Session, UserDataFactory userData, UserDataFactory otherData) in C:\Users\root\Desktop\Desktop\Development\Hobba\Development\Emu\Unicorn Emulator\Unicorn Emulator\HabboHotel\Users\Authenticator\Authenticator.cs:line 12
   at GoldTree.HabboHotel.GameClients.GameClient.method_6(String string_0) in C:\Users\root\Desktop\Desktop\Development\Hobba\Development\Emu\Unicorn Emulator\Unicorn Emulator\HabboHotel\GameClients\GameClient.cs:line 156

19.01.2017 19:51:38: Error: System.InvalidCastException: Specified cast is not valid.
   at GoldTree.HabboHotel.Support.ModerationTool.method_18(UInt32 uint_0) in C:\Users\root\Desktop\Desktop\Development\Hobba\Development\Emu\Unicorn Emulator\Unicorn Emulator\HabboHotel\Support\ModerationTool.cs:line 588
   at GoldTree.Communication.Messages.Help.GetModeratorUserInfoMessageEvent.Handle(GameClient Session, ClientMessage Event) in C:\Users\root\Desktop\Desktop\Development\Hobba\Development\Emu\Unicorn Emulator\Unicorn Emulator\Communication\Messages\Help\GetModeratorUserInfoMessageEvent.cs:line 15
   at GoldTree.HabboHotel.GameClients.GameClient.ParsePacket(Byte[]& bytes) in C:\Users\root\Desktop\Desktop\Development\Hobba\Development\Emu\Unicorn Emulator\Unicorn Emulator\HabboHotel\GameClients\GameClient.cs:line 577

19.01.2017 20:01:29: Error: System.InvalidCastException: Specified cast is not valid.
   at GoldTree.HabboHotel.Support.ModerationTool.method_18(UInt32 uint_0) in C:\Users\root\Desktop\Desktop\Development\Hobba\Development\Emu\Unicorn Emulator\Unicorn Emulator\HabboHotel\Support\ModerationTool.cs:line 588
   at GoldTree.Communication.Messages.Help.GetModeratorUserInfoMessageEvent.Handle(GameClient Session, ClientMessage Event) in C:\Users\root\Desktop\Desktop\Development\Hobba\Development\Emu\Unicorn Emulator\Unicorn Emulator\Communication\Messages\Help\GetModeratorUserInfoMessageEvent.cs:line 15
   at GoldTree.HabboHotel.GameClients.GameClient.ParsePacket(Byte[]& bytes) in C:\Users\root\Desktop\Desktop\Development\Hobba\Development\Emu\Unicorn Emulator\Unicorn Emulator\HabboHotel\GameClients\GameClient.cs:line 577

19.01.2017 23:04:28: Error: System.InvalidCastException: Specified cast is not valid.
   at GoldTree.HabboHotel.Support.ModerationTool.method_18(UInt32 uint_0) in C:\Users\root\Desktop\Desktop\Development\Hobba\Development\Emu\Unicorn Emulator\Unicorn Emulator\HabboHotel\Support\ModerationTool.cs:line 588
   at GoldTree.Communication.Messages.Help.GetModeratorUserInfoMessageEvent.Handle(GameClient Session, ClientMessage Event) in C:\Users\root\Desktop\Desktop\Development\Hobba\Development\Emu\Unicorn Emulator\Unicorn Emulator\Communication\Messages\Help\GetModeratorUserInfoMessageEvent.cs:line 15
   at GoldTree.HabboHotel.GameClients.GameClient.ParsePacket(Byte[]& bytes) in C:\Users\root\Desktop\Desktop\Development\Hobba\Development\Emu\Unicorn Emulator\Unicorn Emulator\HabboHotel\GameClients\GameClient.cs:line 577

20.01.2017 15:56:40: Error: System.InvalidCastException: Specified cast is not valid.
   at GoldTree.HabboHotel.Support.ModerationTool.method_18(UInt32 uint_0) in C:\Users\root\Desktop\Desktop\Development\Hobba\Development\Emu\Unicorn Emulator\Unicorn Emulator\HabboHotel\Support\ModerationTool.cs:line 588
   at GoldTree.Communication.Messages.Help.GetModeratorUserInfoMessageEvent.Handle(GameClient Session, ClientMessage Event) in C:\Users\root\Desktop\Desktop\Development\Hobba\Development\Emu\Unicorn Emulator\Unicorn Emulator\Communication\Messages\Help\GetModeratorUserInfoMessageEvent.cs:line 15
   at GoldTree.HabboHotel.GameClients.GameClient.ParsePacket(Byte[]& bytes) in C:\Users\root\Desktop\Desktop\Development\Hobba\Development\Emu\Unicorn Emulator\Unicorn Emulator\HabboHotel\GameClients\GameClient.cs:line 577

20.01.2017 17:35:13: Error: System.InvalidCastException: Specified cast is not valid.
   at GoldTree.HabboHotel.Support.ModerationTool.method_18(UInt32 uint_0) in C:\Users\root\Desktop\Desktop\Development\Hobba\Development\Emu\Unicorn Emulator\Unicorn Emulator\HabboHotel\Support\ModerationTool.cs:line 588
   at GoldTree.Communication.Messages.Help.GetModeratorUserInfoMessageEvent.Handle(GameClient Session, ClientMessage Event) in C:\Users\root\Desktop\Desktop\Development\Hobba\Development\Emu\Unicorn Emulator\Unicorn Emulator\Communication\Messages\Help\GetModeratorUserInfoMessageEvent.cs:line 15
   at GoldTree.HabboHotel.GameClients.GameClient.ParsePacket(Byte[]& bytes) in C:\Users\root\Desktop\Desktop\Development\Hobba\Development\Emu\Unicorn Emulator\Unicorn Emulator\HabboHotel\GameClients\GameClient.cs:line 577

21.01.2017 11:40:43: Error: System.InvalidCastException: Specified cast is not valid.
   at GoldTree.HabboHotel.Support.ModerationTool.method_18(UInt32 uint_0) in C:\Users\root\Desktop\Desktop\Development\Hobba\Development\Emu\Unicorn Emulator\Unicorn Emulator\HabboHotel\Support\ModerationTool.cs:line 588
   at GoldTree.Communication.Messages.Help.GetModeratorUserInfoMessageEvent.Handle(GameClient Session, ClientMessage Event) in C:\Users\root\Desktop\Desktop\Development\Hobba\Development\Emu\Unicorn Emulator\Unicorn Emulator\Communication\Messages\Help\GetModeratorUserInfoMessageEvent.cs:line 15
   at GoldTree.HabboHotel.GameClients.GameClient.ParsePacket(Byte[]& bytes) in C:\Users\root\Desktop\Desktop\Development\Hobba\Development\Emu\Unicorn Emulator\Unicorn Emulator\HabboHotel\GameClients\GameClient.cs:line 577

21.01.2017 12:23:59: Error: System.ArgumentOutOfRangeException: Index was out of range. Must be non-negative and less than the size of the collection.
Parameter name: index
   at System.Collections.Generic.List`1.get_Item(Int32 index)
   at GoldTree.HabboHotel.Items.RoomItem.get_Double_1() in C:\Users\root\Desktop\Desktop\Development\Hobba\Development\Emu\Unicorn Emulator\Unicorn Emulator\HabboHotel\Items\RoomItem.cs:line 114
   at GoldTree.HabboHotel.Rooms.Room.method_79(GameClient Session, RoomItem RoomItem_0, Int32 int_17, Int32 int_18, Int32 int_19, Boolean bool_13, Boolean bool_14, Boolean bool_15) in C:\Users\root\Desktop\Desktop\Development\Hobba\Development\Emu\Unicorn Emulator\Unicorn Emulator\HabboHotel\Rooms\Room.cs:line 6083
   at GoldTree.Communication.Messages.Rooms.Engine.MoveObjectMessageEvent.Handle(GameClient Session, ClientMessage Event) in C:\Users\root\Desktop\Desktop\Development\Hobba\Development\Emu\Unicorn Emulator\Unicorn Emulator\Communication\Messages\Rooms\Engine\MoveObjectMessageEvent.cs:line 50
   at GoldTree.HabboHotel.GameClients.GameClient.ParsePacket(Byte[]& bytes) in C:\Users\root\Desktop\Desktop\Development\Hobba\Development\Emu\Unicorn Emulator\Unicorn Emulator\HabboHotel\GameClients\GameClient.cs:line 577

21.01.2017 22:24:23: Error: System.InvalidCastException: Specified cast is not valid.
   at GoldTree.HabboHotel.Support.ModerationTool.method_18(UInt32 uint_0) in C:\Users\root\Desktop\Desktop\Development\Hobba\Development\Emu\Unicorn Emulator\Unicorn Emulator\HabboHotel\Support\ModerationTool.cs:line 588
   at GoldTree.Communication.Messages.Help.GetModeratorUserInfoMessageEvent.Handle(GameClient Session, ClientMessage Event) in C:\Users\root\Desktop\Desktop\Development\Hobba\Development\Emu\Unicorn Emulator\Unicorn Emulator\Communication\Messages\Help\GetModeratorUserInfoMessageEvent.cs:line 15
   at GoldTree.HabboHotel.GameClients.GameClient.ParsePacket(Byte[]& bytes) in C:\Users\root\Desktop\Desktop\Development\Hobba\Development\Emu\Unicorn Emulator\Unicorn Emulator\HabboHotel\GameClients\GameClient.cs:line 577

30.10.2017 09:07:25: Error: System.InvalidCastException: Die angegebene Umwandlung ist ung?ltig.
   bei GoldTree.HabboHotel.Support.ModerationTool.method_18(UInt32 uint_0) in C:\Users\root\Desktop\Desktop\Development\Hobba\Development\Emu\Unicorn Emulator\Unicorn Emulator\HabboHotel\Support\ModerationTool.cs:Zeile 588.
   bei GoldTree.Communication.Messages.Help.GetModeratorUserInfoMessageEvent.Handle(GameClient Session, ClientMessage Event) in C:\Users\root\Desktop\Desktop\Development\Hobba\Development\Emu\Unicorn Emulator\Unicorn Emulator\Communication\Messages\Help\GetModeratorUserInfoMessageEvent.cs:Zeile 15.
   bei GoldTree.HabboHotel.GameClients.GameClient.ParsePacket(Byte[]& bytes) in C:\Users\root\Desktop\Desktop\Development\Hobba\Development\Emu\Unicorn Emulator\Unicorn Emulator\HabboHotel\GameClients\GameClient.cs:Zeile 577.

30.10.2017 11:13:24: Error: System.InvalidCastException: Die angegebene Umwandlung ist ung?ltig.
   bei GoldTree.HabboHotel.Support.ModerationTool.method_18(UInt32 uint_0) in C:\Users\root\Desktop\Desktop\Development\Hobba\Development\Emu\Unicorn Emulator\Unicorn Emulator\HabboHotel\Support\ModerationTool.cs:Zeile 588.
   bei GoldTree.Communication.Messages.Help.GetModeratorUserInfoMessageEvent.Handle(GameClient Session, ClientMessage Event) in C:\Users\root\Desktop\Desktop\Development\Hobba\Development\Emu\Unicorn Emulator\Unicorn Emulator\Communication\Messages\Help\GetModeratorUserInfoMessageEvent.cs:Zeile 15.
   bei GoldTree.HabboHotel.GameClients.GameClient.ParsePacket(Byte[]& bytes) in C:\Users\root\Desktop\Desktop\Development\Hobba\Development\Emu\Unicorn Emulator\Unicorn Emulator\HabboHotel\GameClients\GameClient.cs:Zeile 577.

30.10.2017 11:14:01: Error: System.InvalidCastException: Die angegebene Umwandlung ist ung?ltig.
   bei GoldTree.HabboHotel.Support.ModerationTool.method_18(UInt32 uint_0) in C:\Users\root\Desktop\Desktop\Development\Hobba\Development\Emu\Unicorn Emulator\Unicorn Emulator\HabboHotel\Support\ModerationTool.cs:Zeile 588.
   bei GoldTree.Communication.Messages.Help.GetModeratorUserInfoMessageEvent.Handle(GameClient Session, ClientMessage Event) in C:\Users\root\Desktop\Desktop\Development\Hobba\Development\Emu\Unicorn Emulator\Unicorn Emulator\Communication\Messages\Help\GetModeratorUserInfoMessageEvent.cs:Zeile 15.
   bei GoldTree.HabboHotel.GameClients.GameClient.ParsePacket(Byte[]& bytes) in C:\Users\root\Desktop\Desktop\Development\Hobba\Development\Emu\Unicorn Emulator\Unicorn Emulator\HabboHotel\GameClients\GameClient.cs:Zeile 577.

